[debug] [2024-02-20T18:29:42.245Z] ----------------------------------------------------------------------
[debug] [2024-02-20T18:29:42.247Z] Command:       /usr/local/bin/node /usr/local/bin/firebase init
[debug] [2024-02-20T18:29:42.248Z] CLI Version:   13.3.0
[debug] [2024-02-20T18:29:42.248Z] Platform:      darwin
[debug] [2024-02-20T18:29:42.248Z] Node Version:  v20.11.1
[debug] [2024-02-20T18:29:42.248Z] Time:          Tue Feb 20 2024 19:29:42 GMT+0100 (hora estándar de Europa central)
[debug] [2024-02-20T18:29:42.248Z] ----------------------------------------------------------------------
[debug] 
[debug] [2024-02-20T18:29:42.253Z] > command requires scopes: ["email","openid","https://www.googleapis.com/auth/cloudplatformprojects.readonly","https://www.googleapis.com/auth/firebase","https://www.googleapis.com/auth/cloud-platform"]
[debug] [2024-02-20T18:29:42.253Z] > authorizing via signed-in user (jcsaez.dev@gmail.com)
[info] 
     ######## #### ########  ######## ########     ###     ######  ########
     ##        ##  ##     ## ##       ##     ##  ##   ##  ##       ##
     ######    ##  ########  ######   ########  #########  ######  ######
     ##        ##  ##    ##  ##       ##     ## ##     ##       ## ##
     ##       #### ##     ## ######## ########  ##     ##  ######  ########

You're about to initialize a Firebase project in this directory:

  /Users/josecarlossaezfernandez/Desktop/ironhack-lectures/projectos/masquedanceFirebase

[info] 
=== Project Setup
[info] 
[info] First, let's associate this project directory with a Firebase project.
[info] You can create multiple project aliases by running firebase use --add, 
[info] but for now we'll just set up a default project.
[info] 
[debug] [2024-02-20T18:37:24.382Z] >>> [apiv2][query] GET https://firebase.googleapis.com/v1beta1/projects pageSize=100
[debug] [2024-02-20T18:37:24.926Z] <<< [apiv2][status] GET https://firebase.googleapis.com/v1beta1/projects 200
[debug] [2024-02-20T18:37:24.926Z] <<< [apiv2][body] GET https://firebase.googleapis.com/v1beta1/projects [omitted]
[info] i  Using project msqdance-87134 (masQDance) 
[info] 
=== Functions Setup
[debug] [2024-02-20T18:37:33.136Z] > command requires scopes: ["email","openid","https://www.googleapis.com/auth/cloudplatformprojects.readonly","https://www.googleapis.com/auth/firebase","https://www.googleapis.com/auth/cloud-platform"]
[debug] [2024-02-20T18:37:33.136Z] > authorizing via signed-in user (jcsaez.dev@gmail.com)
[debug] [2024-02-20T18:37:33.136Z] [iam] checking project msqdance-87134 for permissions ["firebase.projects.get"]
[debug] [2024-02-20T18:37:33.137Z] >>> [apiv2][query] POST https://cloudresourcemanager.googleapis.com/v1/projects/msqdance-87134:testIamPermissions [none]
[debug] [2024-02-20T18:37:33.137Z] >>> [apiv2][(partial)header] POST https://cloudresourcemanager.googleapis.com/v1/projects/msqdance-87134:testIamPermissions x-goog-quota-user=projects/msqdance-87134
[debug] [2024-02-20T18:37:33.137Z] >>> [apiv2][body] POST https://cloudresourcemanager.googleapis.com/v1/projects/msqdance-87134:testIamPermissions {"permissions":["firebase.projects.get"]}
[debug] [2024-02-20T18:37:34.005Z] <<< [apiv2][status] POST https://cloudresourcemanager.googleapis.com/v1/projects/msqdance-87134:testIamPermissions 200
[debug] [2024-02-20T18:37:34.006Z] <<< [apiv2][body] POST https://cloudresourcemanager.googleapis.com/v1/projects/msqdance-87134:testIamPermissions {"permissions":["firebase.projects.get"]}
[debug] [2024-02-20T18:37:34.006Z] >>> [apiv2][query] GET https://serviceusage.googleapis.com/v1/projects/msqdance-87134/services/cloudfunctions.googleapis.com [none]
[debug] [2024-02-20T18:37:34.006Z] >>> [apiv2][(partial)header] GET https://serviceusage.googleapis.com/v1/projects/msqdance-87134/services/cloudfunctions.googleapis.com x-goog-quota-user=projects/msqdance-87134
[debug] [2024-02-20T18:37:34.008Z] >>> [apiv2][query] GET https://serviceusage.googleapis.com/v1/projects/msqdance-87134/services/runtimeconfig.googleapis.com [none]
[debug] [2024-02-20T18:37:34.008Z] >>> [apiv2][(partial)header] GET https://serviceusage.googleapis.com/v1/projects/msqdance-87134/services/runtimeconfig.googleapis.com x-goog-quota-user=projects/msqdance-87134
[debug] [2024-02-20T18:37:35.280Z] <<< [apiv2][status] GET https://serviceusage.googleapis.com/v1/projects/msqdance-87134/services/runtimeconfig.googleapis.com 200
[debug] [2024-02-20T18:37:35.281Z] <<< [apiv2][body] GET https://serviceusage.googleapis.com/v1/projects/msqdance-87134/services/runtimeconfig.googleapis.com [omitted]
[debug] [2024-02-20T18:37:35.283Z] <<< [apiv2][status] GET https://serviceusage.googleapis.com/v1/projects/msqdance-87134/services/cloudfunctions.googleapis.com 200
[debug] [2024-02-20T18:37:35.283Z] <<< [apiv2][body] GET https://serviceusage.googleapis.com/v1/projects/msqdance-87134/services/cloudfunctions.googleapis.com [omitted]
[debug] [2024-02-20T18:37:35.284Z] >>> [apiv2][query] POST https://serviceusage.googleapis.com/v1/projects/msqdance-87134/services/cloudfunctions.googleapis.com:enable [none]
[debug] [2024-02-20T18:37:35.284Z] >>> [apiv2][(partial)header] POST https://serviceusage.googleapis.com/v1/projects/msqdance-87134/services/cloudfunctions.googleapis.com:enable x-goog-quota-user=projects/msqdance-87134
[debug] [2024-02-20T18:37:36.838Z] <<< [apiv2][status] POST https://serviceusage.googleapis.com/v1/projects/msqdance-87134/services/cloudfunctions.googleapis.com:enable 200
[debug] [2024-02-20T18:37:36.838Z] <<< [apiv2][body] POST https://serviceusage.googleapis.com/v1/projects/msqdance-87134/services/cloudfunctions.googleapis.com:enable [omitted]
[debug] [2024-02-20T18:37:46.840Z] >>> [apiv2][query] GET https://serviceusage.googleapis.com/v1/projects/msqdance-87134/services/cloudfunctions.googleapis.com [none]
[debug] [2024-02-20T18:37:46.840Z] >>> [apiv2][(partial)header] GET https://serviceusage.googleapis.com/v1/projects/msqdance-87134/services/cloudfunctions.googleapis.com x-goog-quota-user=projects/msqdance-87134
[debug] [2024-02-20T18:37:47.875Z] <<< [apiv2][status] GET https://serviceusage.googleapis.com/v1/projects/msqdance-87134/services/cloudfunctions.googleapis.com 200
[debug] [2024-02-20T18:37:47.875Z] <<< [apiv2][body] GET https://serviceusage.googleapis.com/v1/projects/msqdance-87134/services/cloudfunctions.googleapis.com [omitted]
[info] Let's create a new codebase for your functions.
[info] A directory corresponding to the codebase will be created in your project
[info] with sample code pre-configured.

[info] See https://firebase.google.com/docs/functions/organize-functions for
[info] more information on organizing your functions using codebases.

[info] Functions can be deployed with firebase deploy.

[info] ✔  Wrote functions/package.json 
[info] ✔  Wrote functions/.eslintrc.js 
[info] ✔  Wrote functions/index.js 
[info] ✔  Wrote functions/.gitignore 
[info] 
=== Hosting Setup
[debug] [2024-02-20T18:40:37.377Z] >>> [apiv2][query] GET https://firebase.googleapis.com/v1beta1/projects/msqdance-87134 [none]
[debug] [2024-02-20T18:40:37.725Z] <<< [apiv2][status] GET https://firebase.googleapis.com/v1beta1/projects/msqdance-87134 200
[debug] [2024-02-20T18:40:37.725Z] <<< [apiv2][body] GET https://firebase.googleapis.com/v1beta1/projects/msqdance-87134 {"projectId":"msqdance-87134","projectNumber":"1017788573080","displayName":"masQDance","name":"projects/msqdance-87134","resources":{"hostingSite":"msqdance-87134","storageBucket":"msqdance-87134.appspot.com","locationId":"europe-west"},"state":"ACTIVE","etag":"1_62142f7f-4731-4151-87f5-dc8f40b7ebaa"}
[info] 
[info] Your public directory is the folder (relative to your project directory) that
[info] will contain Hosting assets to be uploaded with firebase deploy. If you
[info] have a build process for your assets, use your build's output directory.
[info] 
[debug] [2024-02-20T18:50:32.202Z] >>> [apiv2][query] GET https://www.gstatic.com/firebasejs/releases.json [none]
[debug] [2024-02-20T18:50:32.481Z] <<< [apiv2][status] GET https://www.gstatic.com/firebasejs/releases.json 200
[debug] [2024-02-20T18:50:32.481Z] <<< [apiv2][body] GET https://www.gstatic.com/firebasejs/releases.json {"current":{"version":"10.8.0","browserURL":"https://www.gstatic.com/firebasejs/10.8.0/firebase.js","packageURL":"https://www.gstatic.com/firebasejs/10.8.0/firebase.tgz"},"live":{"version":"10.8","browserURL":"https://www.gstatic.com/firebasejs/live/10.8/firebase.js","packageURL":"https://www.gstatic.com/firebasejs/live/10.8/firebase.tgz"},"components":{"analytics":"https://www.gstatic.com/firebasejs/10.8.0/firebase-analytics.js","app":"https://www.gstatic.com/firebasejs/10.8.0/firebase-app.js","app-check":"https://www.gstatic.com/firebasejs/10.8.0/firebase-app-check.js","auth":"https://www.gstatic.com/firebasejs/10.8.0/firebase-auth.js","auth/cordova":"https://www.gstatic.com/firebasejs/10.8.0/firebase-auth/cordova.js","auth/web-extension":"https://www.gstatic.com/firebasejs/10.8.0/firebase-auth/web-extension.js","functions":"https://www.gstatic.com/firebasejs/10.8.0/firebase-functions.js","firestore":"https://www.gstatic.com/firebasejs/10.8.0/firebase-firestore.js","firestore/lite":"https://www.gstatic.com/firebasejs/10.8.0/firebase-firestore/lite.js","installations":"https://www.gstatic.com/firebasejs/10.8.0/firebase-installations.js","storage":"https://www.gstatic.com/firebasejs/10.8.0/firebase-storage.js","performance":"https://www.gstatic.com/firebasejs/10.8.0/firebase-performance.js","remote-config":"https://www.gstatic.com/firebasejs/10.8.0/firebase-remote-config.js","messaging":"https://www.gstatic.com/firebasejs/10.8.0/firebase-messaging.js","messaging/sw":"https://www.gstatic.com/firebasejs/10.8.0/firebase-messaging/sw.js","database":"https://www.gstatic.com/firebasejs/10.8.0/firebase-database.js","firestore.memory":"https://www.gstatic.com/firebasejs/10.8.0/firebase-firestore.memory.js"}}
[info] ✔  Wrote public/index.html 
[info] 
[info] i  Detected a .git folder at /Users/josecarlossaezfernandez/Desktop/ironhack-lectures/projectos/masquedanceFirebase 
[info] i  Authorizing with GitHub to upload your service account to a GitHub repository's secrets store. 
[info] 
[info] Visit this URL on this device to log in:
[info] https://github.com/login/oauth/authorize?client_id=89cf50f02ac6aaed3484&state=731725931&redirect_uri=http%3A%2F%2Flocalhost%3A9005&scope=read%3Auser%20repo%20public_repo
[info] 
[info] Waiting for authentication...
[debug] [2024-02-20T18:51:02.841Z] >>> [apiv2][query] POST https://github.com/login/oauth/access_token [none]
[debug] [2024-02-20T18:51:02.842Z] >>> [apiv2][body] POST https://github.com/login/oauth/access_token [stream]
[debug] [2024-02-20T18:51:03.337Z] <<< [apiv2][status] POST https://github.com/login/oauth/access_token 200
[debug] [2024-02-20T18:51:03.337Z] <<< [apiv2][body] POST https://github.com/login/oauth/access_token {"access_token":"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","token_type":"bearer","scope":"read:user,repo"}
[debug] [2024-02-20T18:51:03.344Z] >>> [apiv2][query] GET https://api.github.com/user [none]
[debug] [2024-02-20T18:51:03.977Z] <<< [apiv2][status] GET https://api.github.com/user 200
[debug] [2024-02-20T18:51:03.977Z] <<< [apiv2][body] GET https://api.github.com/user {"login":"Josecarlossaez","id":112860349,"node_id":"U_kgDOBrocvQ","avatar_url":"https://avatars.githubusercontent.com/u/112860349?v=4","gravatar_id":"","url":"https://api.github.com/users/Josecarlossaez","html_url":"https://github.com/Josecarlossaez","followers_url":"https://api.github.com/users/Josecarlossaez/followers","following_url":"https://api.github.com/users/Josecarlossaez/following{/other_user}","gists_url":"https://api.github.com/users/Josecarlossaez/gists{/gist_id}","starred_url":"https://api.github.com/users/Josecarlossaez/starred{/owner}{/repo}","subscriptions_url":"https://api.github.com/users/Josecarlossaez/subscriptions","organizations_url":"https://api.github.com/users/Josecarlossaez/orgs","repos_url":"https://api.github.com/users/Josecarlossaez/repos","events_url":"https://api.github.com/users/Josecarlossaez/events{/privacy}","received_events_url":"https://api.github.com/users/Josecarlossaez/received_events","type":"User","site_admin":false,"name":null,"company":null,"blog":"","location":null,"email":null,"hireable":null,"bio":null,"twitter_username":null,"public_repos":37,"public_gists":0,"followers":2,"following":1,"created_at":"2022-09-05T09:15:11Z","updated_at":"2024-02-16T08:33:25Z","private_gists":2,"total_private_repos":3,"owned_private_repos":3,"disk_usage":45804,"collaborators":1,"two_factor_authentication":true,"plan":{"name":"free","space":976562499,"collaborators":0,"private_repos":10000}}
[info] 
[info] ✔  Success! Logged into GitHub as Josecarlossaez 
[info] 
[debug] [2024-02-20T18:53:06.410Z] >>> [apiv2][query] GET https://api.github.com/repos/Josecarlossaez/masQDance/actions/secrets/public-key type=owner
[debug] [2024-02-20T18:53:06.879Z] <<< [apiv2][status] GET https://api.github.com/repos/Josecarlossaez/masQDance/actions/secrets/public-key 404
[debug] [2024-02-20T18:53:06.879Z] <<< [apiv2][body] GET https://api.github.com/repos/Josecarlossaez/masQDance/actions/secrets/public-key {"message":"Not Found","documentation_url":"https://docs.github.com/rest/actions/secrets#get-a-repository-public-key"}
[info] 
[info] 
[error] ⚠  The provided authorization cannot be used with this repository. If this repository is in an organization, did you remember to grant access? 
[info] 
[info] i  Action required: Visit this URL to ensure access has been granted to the appropriate organization(s) for the Firebase CLI GitHub OAuth App: 
[info] https://github.com/settings/connections/applications/89cf50f02ac6aaed3484
[info] 
[debug] [2024-02-20T18:55:38.195Z] >>> [apiv2][query] GET https://api.github.com/repos/Josecarlossaez/MasqdanceFirebase /actions/secrets/public-key type=owner
[debug] [2024-02-20T18:55:38.649Z] <<< [apiv2][status] GET https://api.github.com/repos/Josecarlossaez/MasqdanceFirebase /actions/secrets/public-key 404
[debug] [2024-02-20T18:55:38.649Z] <<< [apiv2][body] GET https://api.github.com/repos/Josecarlossaez/MasqdanceFirebase /actions/secrets/public-key {"message":"Not Found","documentation_url":"https://docs.github.com/rest/actions/secrets#get-a-repository-public-key"}
[info] 
[info] 
[error] ⚠  The provided authorization cannot be used with this repository. If this repository is in an organization, did you remember to grant access? 
[info] 
[info] i  Action required: Visit this URL to ensure access has been granted to the appropriate organization(s) for the Firebase CLI GitHub OAuth App: 
[info] https://github.com/settings/connections/applications/89cf50f02ac6aaed3484
[info] 
